<?xml version="1.0" encoding="UTF-8"?>
<!-- Generated by org.testng.reporters.JUnitXMLReporter -->
<testsuite ignored="0" hostname="LAPTOP-JE4FKOLB" failures="0" tests="33" name="Test1" time="0.208" errors="0" timestamp="2023-12-30T00:32:12 IST">
  <testcase classname="com.project.testcases.Login_QATest" name="@BeforeSuite setUp" time="0.012">
    <failure type="java.lang.NullPointerException" message="Cannot invoke &amp;quot;java.util.Properties.getProperty(String)&amp;quot; because &amp;quot;com.project.baseclass.initialiazeChrome.prop&amp;quot; is null">
      <![CDATA[java.lang.NullPointerException: Cannot invoke "java.util.Properties.getProperty(String)" because "com.project.baseclass.initialiazeChrome.prop" is null
at com.project.baseclass.initialiazeChrome.initialization(initialiazeChrome.java:57)
at com.project.testcases.Login_QATest.setUp(Login_QATest.java:26)
... Removed 17 stack frames]]>
    </failure>
  </testcase> <!-- @BeforeSuite setUp -->
  <testcase classname="com.project.testcases.Insurance_Test" name="@BeforeTest dispositionInsurance" time="0.0">
    <skipped/>
  </testcase> <!-- @BeforeTest dispositionInsurance -->
  <testcase classname="com.project.testcases.WarehouseManagement_Test" name="@BeforeTest dispositonBCL" time="0.0">
    <skipped/>
  </testcase> <!-- @BeforeTest dispositonBCL -->
  <testcase classname="com.project.testcases.Login_QATest" name="@BeforeClass signIn" time="0.0">
    <skipped/>
  </testcase> <!-- @BeforeClass signIn -->
  <testcase classname="com.project.testcases.Logout_InTest" name="@BeforeMethod Logout" time="0.0">
    <skipped/>
  </testcase> <!-- @BeforeMethod Logout -->
  <testcase classname="com.project.testcases.Logout_InTest" name="@BeforeMethod Logout" time="0.0">
    <skipped/>
  </testcase> <!-- @BeforeMethod Logout -->
  <testcase classname="com.project.testcases.Login_QATest" name="loginTest" time="0.0">
    <skipped/>
  </testcase> <!-- loginTest -->
  <testcase classname="com.project.testcases.WarehouseManagement_Test" name="clickOnDispositionlinkTest" time="0.0">
    <skipped/>
  </testcase> <!-- clickOnDispositionlinkTest -->
  <testcase classname="com.project.testcases.Insurance_Test" name="Insurance" time="0.0">
    <skipped/>
  </testcase> <!-- Insurance -->
  <testcase classname="com.project.testcases.Insurance_Test" name="insuSelectItem" time="0.0">
    <skipped/>
  </testcase> <!-- insuSelectItem -->
  <testcase classname="com.project.testcases.Insurance_Test" name="insuClaimSubmitionDate" time="0.0">
    <skipped/>
  </testcase> <!-- insuClaimSubmitionDate -->
  <testcase classname="com.project.testcases.Insurance_Test" name="insuClaimAmount" time="0.0">
    <skipped/>
  </testcase> <!-- insuClaimAmount -->
  <testcase classname="com.project.testcases.Insurance_Test" name="insuAddRemarks" time="0.0">
    <skipped/>
  </testcase> <!-- insuAddRemarks -->
  <testcase classname="com.project.testcases.Insurance_Test" name="insuAttachDoc" time="0.0">
    <skipped/>
  </testcase> <!-- insuAttachDoc -->
  <testcase classname="com.project.testcases.Insurance_Test" name="insuConfirmFirst" time="0.0">
    <skipped/>
  </testcase> <!-- insuConfirmFirst -->
  <testcase classname="com.project.testcases.Insurance_Test" name="insuUpdateCallSelectItem" time="0.0">
    <skipped/>
  </testcase> <!-- insuUpdateCallSelectItem -->
  <testcase classname="com.project.testcases.Insurance_Test" name="insuUpdateClaimCallLog" time="0.0">
    <skipped/>
  </testcase> <!-- insuUpdateClaimCallLog -->
  <testcase classname="com.project.testcases.Insurance_Test" name="insuEnterCallLog" time="0.0">
    <skipped/>
  </testcase> <!-- insuEnterCallLog -->
  <testcase classname="com.project.testcases.Insurance_Test" name="insuConfirmSecond" time="0.001">
    <skipped/>
  </testcase> <!-- insuConfirmSecond -->
  <testcase classname="com.project.testcases.Insurance_Test" name="insuSurveyorSelectItem" time="0.0">
    <skipped/>
  </testcase> <!-- insuSurveyorSelectItem -->
  <testcase classname="com.project.testcases.Insurance_Test" name="insuSurveyorUpdateInfo" time="0.0">
    <skipped/>
  </testcase> <!-- insuSurveyorUpdateInfo -->
  <testcase classname="com.project.testcases.Insurance_Test" name="insuSurveyorClaimInspectionDate" time="0.0">
    <skipped/>
  </testcase> <!-- insuSurveyorClaimInspectionDate -->
  <testcase classname="com.project.testcases.Insurance_Test" name="InsuSurveyorAddRemarks" time="0.0">
    <skipped/>
  </testcase> <!-- InsuSurveyorAddRemarks -->
  <testcase classname="com.project.testcases.Insurance_Test" name="insuAttachDocInspection" time="0.0">
    <skipped/>
  </testcase> <!-- insuAttachDocInspection -->
  <testcase classname="com.project.testcases.Insurance_Test" name="insuConfirmThird" time="0.0">
    <skipped/>
  </testcase> <!-- insuConfirmThird -->
  <testcase classname="com.project.testcases.Insurance_Test" name="insuClaimResolutionApprove" time="0.0">
    <skipped/>
  </testcase> <!-- insuClaimResolutionApprove -->
  <testcase classname="com.project.testcases.Insurance_Test" name="insuClaimResolutionApprovelDate" time="0.0">
    <skipped/>
  </testcase> <!-- insuClaimResolutionApprovelDate -->
  <testcase classname="com.project.testcases.Insurance_Test" name="insuClaimResolutionApprovedAmount" time="0.0">
    <skipped/>
  </testcase> <!-- insuClaimResolutionApprovedAmount -->
  <testcase classname="com.project.testcases.Insurance_Test" name="insuAttachDocClaimresolution" time="0.0">
    <skipped/>
  </testcase> <!-- insuAttachDocClaimresolution -->
  <testcase classname="com.project.testcases.Insurance_Test" name="insuClaimResolutionAddRemarks" time="0.0">
    <skipped/>
  </testcase> <!-- insuClaimResolutionAddRemarks -->
  <testcase classname="com.project.testcases.Insurance_Test" name="insuConfirmFourth" time="0.0">
    <skipped/>
  </testcase> <!-- insuConfirmFourth -->
  <testcase classname="com.project.testcases.Insurance_Test" name="insuPendingLiquidationSelectItem" time="0.0">
    <skipped/>
  </testcase> <!-- insuPendingLiquidationSelectItem -->
  <testcase classname="com.project.testcases.Insurance_Test" name="insuPendingLiquidSetDisposition" time="0.0">
    <skipped/>
  </testcase> <!-- insuPendingLiquidSetDisposition -->
  <testcase classname="com.project.testcases.Insurance_Test" name="insuSetDispositionLiquidation" time="0.0">
    <skipped/>
  </testcase> <!-- insuSetDispositionLiquidation -->
  <testcase classname="com.project.testcases.Insurance_Test" name="insuPendingLiquidationAddRemarks" time="0.0">
    <skipped/>
  </testcase> <!-- insuPendingLiquidationAddRemarks -->
  <testcase classname="com.project.testcases.Insurance_Test" name="insuAttachDocPendingLiqui" time="0.0">
    <skipped/>
  </testcase> <!-- insuAttachDocPendingLiqui -->
  <testcase classname="com.project.testcases.Insurance_Test" name="insuConfirm5th" time="0.0">
    <skipped/>
  </testcase> <!-- insuConfirm5th -->
  <testcase classname="com.project.testcases.Logout_InTest" name="logout" time="0.0">
    <skipped/>
  </testcase> <!-- logout -->
  <testcase classname="com.project.testcases.Logout_InTest" name="Logout_Test" time="0.0">
    <skipped/>
  </testcase> <!-- Logout_Test -->
</testsuite> <!-- Test1 -->
